# JRE version: OpenJDK Runtime Environment (8.0_242-b01) (build 1.8.0_242-release-1644-b01)
# Java VM: OpenJDK 64-Bit Server VM (25.242-b01 mixed mode windows-amd64 compressed oops)
Heap:
 PSYoungGen      total 608768K, used 320874K [0x00000000d5580000, 0x00000000fe180000, 0x0000000100000000)
  eden space 571392K, 52% used [0x00000000d5580000,0x00000000e7b18968,0x00000000f8380000)
  from space 37376K, 54% used [0x00000000fbd00000,0x00000000fd0c1fe0,0x00000000fe180000)
  to   space 48128K, 0% used [0x00000000f8380000,0x00000000f8380000,0x00000000fb280000)
 ParOldGen       total 267776K, used 58807K [0x0000000080000000, 0x0000000090580000, 0x00000000d5580000)
  object space 267776K, 21% used [0x0000000080000000,0x000000008396de88,0x0000000090580000)
 Metaspace       used 98536K, capacity 103176K, committed 103832K, reserved 1138688K
  class space    used 12546K, capacity 13491K, committed 13744K, reserved 1048576K
GC Heap History (10 events):
Event: 4718.939 GC heap before
{Heap before GC invocations=18 (full 4):
 PSYoungGen      total 358400K, used 355840K [0x00000000d5580000, 0x00000000f0500000, 0x0000000100000000)
  eden space 355840K, 100% used [0x00000000d5580000,0x00000000eb100000,0x00000000eb100000)
  from space 2560K, 0% used [0x00000000ebe00000,0x00000000ebe00000,0x00000000ec080000)
  to   space 43008K, 0% used [0x00000000edb00000,0x00000000edb00000,0x00000000f0500000)
 ParOldGen       total 267776K, used 49861K [0x0000000080000000, 0x0000000090580000, 0x00000000d5580000)
  object space 267776K, 18% used [0x0000000080000000,0x00000000830b1728,0x0000000090580000)
 Metaspace       used 93615K, capacity 98052K, committed 99224K, reserved 1134592K
  class space    used 12009K, capacity 12921K, committed 13232K, reserved 1048576K
Event: 4718.954 GC heap after
Heap after GC invocations=18 (full 4):
 PSYoungGen      total 401408K, used 16469K [0x00000000d5580000, 0x00000000f2e00000, 0x0000000100000000)
  eden space 358400K, 0% used [0x00000000d5580000,0x00000000d5580000,0x00000000eb380000)
  from space 43008K, 38% used [0x00000000edb00000,0x00000000eeb157c0,0x00000000f0500000)
  to   space 40448K, 0% used [0x00000000eb380000,0x00000000eb380000,0x00000000edb00000)
 ParOldGen       total 267776K, used 49869K [0x0000000080000000, 0x0000000090580000, 0x00000000d5580000)
  object space 267776K, 18% used [0x0000000080000000,0x00000000830b3728,0x0000000090580000)
 Metaspace       used 93615K, capacity 98052K, committed 99224K, reserved 1134592K
  class space    used 12009K, capacity 12921K, committed 13232K, reserved 1048576K
}
Event: 4719.220 GC heap before
{Heap before GC invocations=19 (full 4):
 PSYoungGen      total 401408K, used 374869K [0x00000000d5580000, 0x00000000f2e00000, 0x0000000100000000)
  eden space 358400K, 100% used [0x00000000d5580000,0x00000000eb380000,0x00000000eb380000)
  from space 43008K, 38% used [0x00000000edb00000,0x00000000eeb157c0,0x00000000f0500000)
  to   space 40448K, 0% used [0x00000000eb380000,0x00000000eb380000,0x00000000edb00000)
 ParOldGen       total 267776K, used 49869K [0x0000000080000000, 0x0000000090580000, 0x00000000d5580000)
  object space 267776K, 18% used [0x0000000080000000,0x00000000830b3728,0x0000000090580000)
 Metaspace       used 93643K, capacity 98052K, committed 99224K, reserved 1134592K
  class space    used 12009K, capacity 12921K, committed 13232K, reserved 1048576K
Event: 4719.238 GC heap after
Heap after GC invocations=19 (full 4):
 PSYoungGen      total 398848K, used 35769K [0x00000000d5580000, 0x00000000f6600000, 0x0000000100000000)
  eden space 358400K, 0% used [0x00000000d5580000,0x00000000d5580000,0x00000000eb380000)
  from space 40448K, 88% used [0x00000000eb380000,0x00000000ed66e6a0,0x00000000edb00000)
  to   space 45568K, 0% used [0x00000000f3980000,0x00000000f3980000,0x00000000f6600000)
 ParOldGen       total 267776K, used 49869K [0x0000000080000000, 0x0000000090580000, 0x00000000d5580000)
  object space 267776K, 18% used [0x0000000080000000,0x00000000830b3728,0x0000000090580000)
 Metaspace       used 93643K, capacity 98052K, committed 99224K, reserved 1134592K
  class space    used 12009K, capacity 12921K, committed 13232K, reserved 1048576K
}
Event: 4719.556 GC heap before
{Heap before GC invocations=20 (full 4):
 PSYoungGen      total 398848K, used 394169K [0x00000000d5580000, 0x00000000f6600000, 0x0000000100000000)
  eden space 358400K, 100% used [0x00000000d5580000,0x00000000eb380000,0x00000000eb380000)
  from space 40448K, 88% used [0x00000000eb380000,0x00000000ed66e6a0,0x00000000edb00000)
  to   space 45568K, 0% used [0x00000000f3980000,0x00000000f3980000,0x00000000f6600000)
 ParOldGen       total 267776K, used 49869K [0x0000000080000000, 0x0000000090580000, 0x00000000d5580000)
  object space 267776K, 18% used [0x0000000080000000,0x00000000830b3728,0x0000000090580000)
 Metaspace       used 93722K, capacity 98116K, committed 99224K, reserved 1134592K
  class space    used 12010K, capacity 12921K, committed 13232K, reserved 1048576K
Event: 4719.628 GC heap after
Heap after GC invocations=20 (full 4):
 PSYoungGen      total 493568K, used 31086K [0x00000000d5580000, 0x00000000fa000000, 0x0000000100000000)
  eden space 448000K, 0% used [0x00000000d5580000,0x00000000d5580000,0x00000000f0b00000)
  from space 45568K, 68% used [0x00000000f3980000,0x00000000f57dbb20,0x00000000f6600000)
  to   space 47616K, 0% used [0x00000000f0b00000,0x00000000f0b00000,0x00000000f3980000)
 ParOldGen       total 267776K, used 49869K [0x0000000080000000, 0x0000000090580000, 0x00000000d5580000)
  object space 267776K, 18% used [0x0000000080000000,0x00000000830b3728,0x0000000090580000)
 Metaspace       used 93722K, capacity 98116K, committed 99224K, reserved 1134592K
  class space    used 12010K, capacity 12921K, committed 13232K, reserved 1048576K
}
Event: 4719.991 GC heap before
{Heap before GC invocations=21 (full 4):
 PSYoungGen      total 493568K, used 479086K [0x00000000d5580000, 0x00000000fa000000, 0x0000000100000000)
  eden space 448000K, 100% used [0x00000000d5580000,0x00000000f0b00000,0x00000000f0b00000)
  from space 45568K, 68% used [0x00000000f3980000,0x00000000f57dbb20,0x00000000f6600000)
  to   space 47616K, 0% used [0x00000000f0b00000,0x00000000f0b00000,0x00000000f3980000)
 ParOldGen       total 267776K, used 49869K [0x0000000080000000, 0x0000000090580000, 0x00000000d5580000)
  object space 267776K, 18% used [0x0000000080000000,0x00000000830b3728,0x0000000090580000)
 Metaspace       used 94232K, capacity 98668K, committed 99736K, reserved 1136640K
  class space    used 12085K, capacity 12979K, committed 13232K, reserved 1048576K
Event: 4720.044 GC heap after
Heap after GC invocations=21 (full 4):
 PSYoungGen      total 495616K, used 36729K [0x00000000d5580000, 0x00000000fef00000, 0x0000000100000000)
  eden space 448000K, 0% used [0x00000000d5580000,0x00000000d5580000,0x00000000f0b00000)
  from space 47616K, 77% used [0x00000000f0b00000,0x00000000f2ede4b8,0x00000000f3980000)
  to   space 51200K, 0% used [0x00000000fbd00000,0x00000000fbd00000,0x00000000fef00000)
 ParOldGen       total 267776K, used 58308K [0x0000000080000000, 0x0000000090580000, 0x00000000d5580000)
  object space 267776K, 21% used [0x0000000080000000,0x00000000838f1078,0x0000000090580000)
 Metaspace       used 94232K, capacity 98668K, committed 99736K, reserved 1136640K
  class space    used 12085K, capacity 12979K, committed 13232K, reserved 1048576K
}
Event: 4721.017 GC heap before
{Heap before GC invocations=22 (full 4):
 PSYoungGen      total 495616K, used 484729K [0x00000000d5580000, 0x00000000fef00000, 0x0000000100000000)
  eden space 448000K, 100% used [0x00000000d5580000,0x00000000f0b00000,0x00000000f0b00000)
  from space 47616K, 77% used [0x00000000f0b00000,0x00000000f2ede4b8,0x00000000f3980000)
  to   space 51200K, 0% used [0x00000000fbd00000,0x00000000fbd00000,0x00000000fef00000)
 ParOldGen       total 267776K, used 58308K [0x0000000080000000, 0x0000000090580000, 0x00000000d5580000)
  object space 267776K, 21% used [0x0000000080000000,0x00000000838f1078,0x0000000090580000)
 Metaspace       used 95592K, capacity 100142K, committed 101144K, reserved 1136640K
  class space    used 12239K, capacity 13160K, committed 13360K, reserved 1048576K
Event: 4721.035 GC heap after
Heap after GC invocations=22 (full 4):
 PSYoungGen      total 608768K, used 20231K [0x00000000d5580000, 0x00000000fe180000, 0x0000000100000000)
  eden space 571392K, 0% used [0x00000000d5580000,0x00000000d5580000,0x00000000f8380000)
  from space 37376K, 54% used [0x00000000fbd00000,0x00000000fd0c1fe0,0x00000000fe180000)
  to   space 48128K, 0% used [0x00000000f8380000,0x00000000f8380000,0x00000000fb280000)
 ParOldGen       total 267776K, used 58807K [0x0000000080000000, 0x0000000090580000, 0x00000000d5580000)
  object space 267776K, 21% used [0x0000000080000000,0x000000008396de88,0x0000000090580000)
 Metaspace       used 95592K, capacity 100142K, committed 101144K, reserved 1136640K
  class space    used 12239K, capacity 13160K, committed 13360K, reserved 1048576K
}

