# JRE version: OpenJDK Runtime Environment (8.0_242-b01) (build 1.8.0_242-release-1644-b01)
# Java VM: OpenJDK 64-Bit Server VM (25.242-b01 mixed mode windows-amd64 compressed oops)
Heap:
 PSYoungGen      total 435200K, used 320438K [0x00000000d5580000, 0x00000000f5b00000, 0x0000000100000000)
  eden space 361984K, 73% used [0x00000000d5580000,0x00000000e5a3ce08,0x00000000eb700000)
  from space 73216K, 72% used [0x00000000f1380000,0x00000000f47b0d20,0x00000000f5b00000)
  to   space 83968K, 0% used [0x00000000eb700000,0x00000000eb700000,0x00000000f0900000)
 ParOldGen       total 243200K, used 54054K [0x0000000080000000, 0x000000008ed80000, 0x00000000d5580000)
  object space 243200K, 22% used [0x0000000080000000,0x00000000834c99e0,0x000000008ed80000)
 Metaspace       used 145816K, capacity 154300K, committed 154392K, reserved 1183744K
  class space    used 18034K, capacity 19453K, committed 19504K, reserved 1048576K
GC Heap History (10 events):
Event: 3618.320 GC heap before
{Heap before GC invocations=25 (full 5):
 PSYoungGen      total 497664K, used 9385K [0x00000000d5580000, 0x00000000f9600000, 0x0000000100000000)
  eden space 417280K, 0% used [0x00000000d5580000,0x00000000d5580000,0x00000000eed00000)
  from space 80384K, 11% used [0x00000000f4780000,0x00000000f50aa7b8,0x00000000f9600000)
  to   space 86528K, 0% used [0x00000000eed00000,0x00000000eed00000,0x00000000f4180000)
 ParOldGen       total 243200K, used 200810K [0x0000000080000000, 0x000000008ed80000, 0x00000000d5580000)
  object space 243200K, 82% used [0x0000000080000000,0x000000008c41a8a0,0x000000008ed80000)
 Metaspace       used 133692K, capacity 140544K, committed 140568K, reserved 1171456K
  class space    used 16746K, capacity 17965K, committed 17968K, reserved 1048576K
Event: 3618.558 GC heap after
Heap after GC invocations=25 (full 5):
 PSYoungGen      total 497664K, used 0K [0x00000000d5580000, 0x00000000f9600000, 0x0000000100000000)
  eden space 417280K, 0% used [0x00000000d5580000,0x00000000d5580000,0x00000000eed00000)
  from space 80384K, 0% used [0x00000000f4780000,0x00000000f4780000,0x00000000f9600000)
  to   space 86528K, 0% used [0x00000000eed00000,0x00000000eed00000,0x00000000f4180000)
 ParOldGen       total 243200K, used 54022K [0x0000000080000000, 0x000000008ed80000, 0x00000000d5580000)
  object space 243200K, 22% used [0x0000000080000000,0x00000000834c19e0,0x000000008ed80000)
 Metaspace       used 132749K, capacity 139244K, committed 140568K, reserved 1171456K
  class space    used 16573K, capacity 17683K, committed 17968K, reserved 1048576K
}
Event: 4152.603 GC heap before
{Heap before GC invocations=26 (full 5):
 PSYoungGen      total 497664K, used 417280K [0x00000000d5580000, 0x00000000f9600000, 0x0000000100000000)
  eden space 417280K, 100% used [0x00000000d5580000,0x00000000eed00000,0x00000000eed00000)
  from space 80384K, 0% used [0x00000000f4780000,0x00000000f4780000,0x00000000f9600000)
  to   space 86528K, 0% used [0x00000000eed00000,0x00000000eed00000,0x00000000f4180000)
 ParOldGen       total 243200K, used 54022K [0x0000000080000000, 0x000000008ed80000, 0x00000000d5580000)
  object space 243200K, 22% used [0x0000000080000000,0x00000000834c19e0,0x000000008ed80000)
 Metaspace       used 143934K, capacity 150636K, committed 151192K, reserved 1181696K
  class space    used 17761K, capacity 18939K, committed 19120K, reserved 1048576K
Event: 4152.624 GC heap after
Heap after GC invocations=26 (full 5):
 PSYoungGen      total 428032K, used 25599K [0x00000000d5580000, 0x00000000f7f80000, 0x0000000100000000)
  eden space 402432K, 0% used [0x00000000d5580000,0x00000000d5580000,0x00000000ede80000)
  from space 25600K, 99% used [0x00000000eed00000,0x00000000f05ffe20,0x00000000f0600000)
  to   space 82432K, 0% used [0x00000000f2f00000,0x00000000f2f00000,0x00000000f7f80000)
 ParOldGen       total 243200K, used 54030K [0x0000000080000000, 0x000000008ed80000, 0x00000000d5580000)
  object space 243200K, 22% used [0x0000000080000000,0x00000000834c39e0,0x000000008ed80000)
 Metaspace       used 143934K, capacity 150636K, committed 151192K, reserved 1181696K
  class space    used 17761K, capacity 18939K, committed 19120K, reserved 1048576K
}
Event: 4239.466 GC heap before
{Heap before GC invocations=27 (full 5):
 PSYoungGen      total 428032K, used 427953K [0x00000000d5580000, 0x00000000f7f80000, 0x0000000100000000)
  eden space 402432K, 99% used [0x00000000d5580000,0x00000000ede6c740,0x00000000ede80000)
  from space 25600K, 99% used [0x00000000eed00000,0x00000000f05ffe20,0x00000000f0600000)
  to   space 82432K, 0% used [0x00000000f2f00000,0x00000000f2f00000,0x00000000f7f80000)
 ParOldGen       total 243200K, used 54030K [0x0000000080000000, 0x000000008ed80000, 0x00000000d5580000)
  object space 243200K, 22% used [0x0000000080000000,0x00000000834c39e0,0x000000008ed80000)
 Metaspace       used 144261K, capacity 151042K, committed 151448K, reserved 1181696K
  class space    used 17775K, capacity 18976K, committed 19120K, reserved 1048576K
Event: 4239.485 GC heap after
Heap after GC invocations=27 (full 5):
 PSYoungGen      total 446976K, used 32181K [0x00000000d5580000, 0x00000000f6880000, 0x0000000100000000)
  eden space 388096K, 0% used [0x00000000d5580000,0x00000000d5580000,0x00000000ed080000)
  from space 58880K, 54% used [0x00000000f2f00000,0x00000000f4e6d680,0x00000000f6880000)
  to   space 77824K, 0% used [0x00000000ed080000,0x00000000ed080000,0x00000000f1c80000)
 ParOldGen       total 243200K, used 54038K [0x0000000080000000, 0x000000008ed80000, 0x00000000d5580000)
  object space 243200K, 22% used [0x0000000080000000,0x00000000834c59e0,0x000000008ed80000)
 Metaspace       used 144261K, capacity 151042K, committed 151448K, reserved 1181696K
  class space    used 17775K, capacity 18976K, committed 19120K, reserved 1048576K
}
Event: 4324.731 GC heap before
{Heap before GC invocations=28 (full 5):
 PSYoungGen      total 446976K, used 420277K [0x00000000d5580000, 0x00000000f6880000, 0x0000000100000000)
  eden space 388096K, 100% used [0x00000000d5580000,0x00000000ed080000,0x00000000ed080000)
  from space 58880K, 54% used [0x00000000f2f00000,0x00000000f4e6d680,0x00000000f6880000)
  to   space 77824K, 0% used [0x00000000ed080000,0x00000000ed080000,0x00000000f1c80000)
 ParOldGen       total 243200K, used 54038K [0x0000000080000000, 0x000000008ed80000, 0x00000000d5580000)
  object space 243200K, 22% used [0x0000000080000000,0x00000000834c59e0,0x000000008ed80000)
 Metaspace       used 144362K, capacity 151174K, committed 151704K, reserved 1181696K
  class space    used 17775K, capacity 18976K, committed 19120K, reserved 1048576K
Event: 4324.772 GC heap after
Heap after GC invocations=28 (full 5):
 PSYoungGen      total 431616K, used 56411K [0x00000000d5580000, 0x00000000f6380000, 0x0000000100000000)
  eden space 374784K, 0% used [0x00000000d5580000,0x00000000d5580000,0x00000000ec380000)
  from space 56832K, 99% used [0x00000000ed080000,0x00000000f0796c48,0x00000000f0800000)
  to   space 81920K, 0% used [0x00000000f1380000,0x00000000f1380000,0x00000000f6380000)
 ParOldGen       total 243200K, used 54046K [0x0000000080000000, 0x000000008ed80000, 0x00000000d5580000)
  object space 243200K, 22% used [0x0000000080000000,0x00000000834c79e0,0x000000008ed80000)
 Metaspace       used 144362K, capacity 151174K, committed 151704K, reserved 1181696K
  class space    used 17775K, capacity 18976K, committed 19120K, reserved 1048576K
}
Event: 4361.738 GC heap before
{Heap before GC invocations=29 (full 5):
 PSYoungGen      total 431616K, used 431195K [0x00000000d5580000, 0x00000000f6380000, 0x0000000100000000)
  eden space 374784K, 100% used [0x00000000d5580000,0x00000000ec380000,0x00000000ec380000)
  from space 56832K, 99% used [0x00000000ed080000,0x00000000f0796c48,0x00000000f0800000)
  to   space 81920K, 0% used [0x00000000f1380000,0x00000000f1380000,0x00000000f6380000)
 ParOldGen       total 243200K, used 54046K [0x0000000080000000, 0x000000008ed80000, 0x00000000d5580000)
  object space 243200K, 22% used [0x0000000080000000,0x00000000834c79e0,0x000000008ed80000)
 Metaspace       used 144560K, capacity 151260K, committed 151704K, reserved 1181696K
  class space    used 17778K, capacity 18979K, committed 19120K, reserved 1048576K
Event: 4361.763 GC heap after
Heap after GC invocations=29 (full 5):
 PSYoungGen      total 435200K, used 53443K [0x00000000d5580000, 0x00000000f5b00000, 0x0000000100000000)
  eden space 361984K, 0% used [0x00000000d5580000,0x00000000d5580000,0x00000000eb700000)
  from space 73216K, 72% used [0x00000000f1380000,0x00000000f47b0d20,0x00000000f5b00000)
  to   space 83968K, 0% used [0x00000000eb700000,0x00000000eb700000,0x00000000f0900000)
 ParOldGen       total 243200K, used 54054K [0x0000000080000000, 0x000000008ed80000, 0x00000000d5580000)
  object space 243200K, 22% used [0x0000000080000000,0x00000000834c99e0,0x000000008ed80000)
 Metaspace       used 144560K, capacity 151260K, committed 151704K, reserved 1181696K
  class space    used 17778K, capacity 18979K, committed 19120K, reserved 1048576K
}

